app/build/intermediates/manifest_merge_blame_file/release/manifest-merger-blame-release-report.txt
1<?xml version="1.0" encoding="utf-8"?>
2<manifest xmlns:android="http://schemas.android.com/apk/res/android"
3    package="com.sd.sddigiclock"
4    android:versionCode="17"
5    android:versionName="5.5" >
6
7    <uses-sdk
8        android:minSdkVersion="23"
9        android:targetSdkVersion="35" />
10
11    <uses-permission android:name="android.permission.RECEIVE_BOOT_COMPLETED" />
11-->src\main\AndroidManifest.xml:8:5-81
11-->src\main\AndroidManifest.xml:8:22-78
12    <uses-permission android:name="android.permission.READ_PHONE_STATE" />
12-->src\main\AndroidManifest.xml:9:5-75
12-->src\main\AndroidManifest.xml:9:22-72
13    <uses-permission android:name="android.permission.SCHEDULE_EXACT_ALARM" />
13-->src\main\AndroidManifest.xml:10:5-78
13-->src\main\AndroidManifest.xml:10:22-76
14    <uses-permission android:name="android.permission.USE_EXACT_ALARM" />
14-->src\main\AndroidManifest.xml:11:5-73
14-->src\main\AndroidManifest.xml:11:22-71
15    <uses-permission android:name="android.permission.FOREGROUND_SERVICE" />
15-->src\main\AndroidManifest.xml:13:5-77
15-->src\main\AndroidManifest.xml:13:22-74
16    <uses-permission android:name="android.permission.FOREGROUND_SERVICE_SYSTEM_EXEMPTED" />
16-->src\main\AndroidManifest.xml:14:5-93
16-->src\main\AndroidManifest.xml:14:22-90
17    <uses-permission android:name="android.permission.RECEIVE_BOOT_COMPLETED" />
17-->src\main\AndroidManifest.xml:8:5-81
17-->src\main\AndroidManifest.xml:8:22-78
18    <uses-permission android:name="com.android.vending.BILLING" />
18-->src\main\AndroidManifest.xml:17:5-66
18-->src\main\AndroidManifest.xml:17:22-64
19    <uses-permission android:name="android.permission.REQUEST_IGNORE_BATTERY_OPTIMIZATIONS" />
19-->src\main\AndroidManifest.xml:18:5-94
19-->src\main\AndroidManifest.xml:18:22-92
20    <uses-permission android:name="com.google.android.gms.permission.AD_ID" />
20-->src\main\AndroidManifest.xml:19:5-78
20-->src\main\AndroidManifest.xml:19:22-76
21
22    <queries>
22-->src\main\AndroidManifest.xml:22:5-45:15
23        <package android:name="com.google.android.deskclock" />
23-->src\main\AndroidManifest.xml:23:9-64
23-->src\main\AndroidManifest.xml:23:18-61
24        <package android:name="com.sec.android.app.clockpackage" />
24-->src\main\AndroidManifest.xml:24:9-68
24-->src\main\AndroidManifest.xml:24:18-65
25        <package android:name="com.motorola.blur.alarmclock" />
25-->src\main\AndroidManifest.xml:25:9-64
25-->src\main\AndroidManifest.xml:25:18-61
26        <package android:name="com.htc.android.worldclock" />
26-->src\main\AndroidManifest.xml:26:9-62
26-->src\main\AndroidManifest.xml:26:18-59
27        <package android:name="com.sonyericsson.alarm" />
27-->src\main\AndroidManifest.xml:27:9-58
27-->src\main\AndroidManifest.xml:27:18-55
28        <package android:name="zte.com.cn.alarmclock" />
28-->src\main\AndroidManifest.xml:28:9-57
28-->src\main\AndroidManifest.xml:28:18-54
29        <package android:name="com.lge.alarm.alarmclocknew" />
29-->src\main\AndroidManifest.xml:29:9-63
29-->src\main\AndroidManifest.xml:29:18-60
30        <package android:name="com.lge.clock" />
30-->src\main\AndroidManifest.xml:30:9-49
30-->src\main\AndroidManifest.xml:30:18-46
31        <package android:name="com.sonyericsson.organizer" />
31-->src\main\AndroidManifest.xml:31:9-62
31-->src\main\AndroidManifest.xml:31:18-59
32        <package android:name="com.oneplus.deskclock" />
32-->src\main\AndroidManifest.xml:32:9-57
32-->src\main\AndroidManifest.xml:32:18-54
33        <package android:name="com.simplemobiletools.clock" />
33-->src\main\AndroidManifest.xml:34:9-63
33-->src\main\AndroidManifest.xml:34:18-60
34        <package android:name="com.alarmclock.xtreme.free" />
34-->src\main\AndroidManifest.xml:35:9-62
34-->src\main\AndroidManifest.xml:35:18-59
35        <package android:name="hdesign.theclock" />
35-->src\main\AndroidManifest.xml:36:9-52
35-->src\main\AndroidManifest.xml:36:18-49
36        <package android:name="com.mad.zenflipclock" />
36-->src\main\AndroidManifest.xml:37:9-56
36-->src\main\AndroidManifest.xml:37:18-53
37        <package android:name="com.cama.app.huge80sclock" />
37-->src\main\AndroidManifest.xml:38:9-61
37-->src\main\AndroidManifest.xml:38:18-58
38        <package android:name="com.apalon.myclockfree" />
38-->src\main\AndroidManifest.xml:39:9-58
38-->src\main\AndroidManifest.xml:39:18-55
39        <package android:name="com.panagola.app.digitalclock" />
39-->src\main\AndroidManifest.xml:40:9-65
39-->src\main\AndroidManifest.xml:40:18-62
40        <package android:name="com.maxwen.deskclock" />
40-->src\main\AndroidManifest.xml:41:9-56
40-->src\main\AndroidManifest.xml:41:18-53
41        <package android:name="com.google.android.calendar" />
41-->src\main\AndroidManifest.xml:44:9-63
41-->src\main\AndroidManifest.xml:44:18-60
42
43        <intent>
43-->[com.android.billingclient:billing:7.0.0] AndroidManifest.xml:13:9-15:18
44            <action android:name="com.android.vending.billing.InAppBillingService.BIND" />
44-->[com.android.billingclient:billing:7.0.0] AndroidManifest.xml:14:13-91
44-->[com.android.billingclient:billing:7.0.0] AndroidManifest.xml:14:21-88
45        </intent> <!-- For browser content -->
46        <intent>
46-->[com.google.android.gms:play-services-ads-lite:22.3.0] AndroidManifest.xml:35:9-41:18
47            <action android:name="android.intent.action.VIEW" />
47-->[com.google.android.gms:play-services-ads-lite:22.3.0] AndroidManifest.xml:36:13-65
47-->[com.google.android.gms:play-services-ads-lite:22.3.0] AndroidManifest.xml:36:21-62
48
49            <category android:name="android.intent.category.BROWSABLE" />
49-->[com.google.android.gms:play-services-ads-lite:22.3.0] AndroidManifest.xml:38:13-74
49-->[com.google.android.gms:play-services-ads-lite:22.3.0] AndroidManifest.xml:38:23-71
50
51            <data android:scheme="https" />
51-->[com.google.android.gms:play-services-ads-lite:22.3.0] AndroidManifest.xml:40:13-44
51-->[com.google.android.gms:play-services-ads-lite:22.3.0] AndroidManifest.xml:40:19-41
52        </intent> <!-- End of browser content -->
53        <!-- For CustomTabsService -->
54        <intent>
54-->[com.google.android.gms:play-services-ads-lite:22.3.0] AndroidManifest.xml:44:9-46:18
55            <action android:name="android.support.customtabs.action.CustomTabsService" />
55-->[com.google.android.gms:play-services-ads-lite:22.3.0] AndroidManifest.xml:45:13-90
55-->[com.google.android.gms:play-services-ads-lite:22.3.0] AndroidManifest.xml:45:21-87
56        </intent>
57    </queries>
58
59    <!-- Include required permissions for Google Mobile Ads to run -->
60    <uses-permission android:name="android.permission.INTERNET" />
60-->[com.google.android.gms:play-services-ads-lite:22.3.0] AndroidManifest.xml:24:5-67
60-->[com.google.android.gms:play-services-ads-lite:22.3.0] AndroidManifest.xml:24:22-64
61    <uses-permission android:name="android.permission.ACCESS_NETWORK_STATE" />
61-->[com.google.android.gms:play-services-ads-lite:22.3.0] AndroidManifest.xml:25:5-79
61-->[com.google.android.gms:play-services-ads-lite:22.3.0] AndroidManifest.xml:25:22-76
62    <uses-permission android:name="android.permission.WAKE_LOCK" />
62-->[com.google.android.gms:play-services-measurement-sdk-api:20.1.2] AndroidManifest.xml:25:5-68
62-->[com.google.android.gms:play-services-measurement-sdk-api:20.1.2] AndroidManifest.xml:25:22-65
63
64    <permission
64-->[androidx.core:core:1.12.0] AndroidManifest.xml:22:5-24:47
65        android:name="com.sd.sddigiclock.DYNAMIC_RECEIVER_NOT_EXPORTED_PERMISSION"
65-->[androidx.core:core:1.12.0] AndroidManifest.xml:23:9-81
66        android:protectionLevel="signature" />
66-->[androidx.core:core:1.12.0] AndroidManifest.xml:24:9-44
67
68    <uses-permission android:name="com.sd.sddigiclock.DYNAMIC_RECEIVER_NOT_EXPORTED_PERMISSION" />
68-->[androidx.core:core:1.12.0] AndroidManifest.xml:26:5-97
68-->[androidx.core:core:1.12.0] AndroidManifest.xml:26:22-94
69
70    <application
70-->src\main\AndroidManifest.xml:47:5-189:19
71        android:appComponentFactory="androidx.core.app.CoreComponentFactory"
71-->[androidx.core:core:1.12.0] AndroidManifest.xml:28:18-86
72        android:extractNativeLibs="false"
73        android:hardwareAccelerated="true"
73-->src\main\AndroidManifest.xml:54:9-43
74        android:icon="@drawable/ic_launcher"
74-->src\main\AndroidManifest.xml:48:9-45
75        android:label="@string/app_name"
75-->src\main\AndroidManifest.xml:49:9-41
76        android:permission="android.permission.RECEIVE_BOOT_COMPLETED                                 |android.permission..REQUEST_IGNORE_BATTERY_OPTIMIZATIONS                                 |android.permission.SCHEDULE_EXACT_ALARM"
76-->src\main\AndroidManifest.xml:111:13-69
77        android:theme="@style/Theme.MaterialYouColors" >
77-->src\main\AndroidManifest.xml:50:9-55
78        <activity
78-->src\main\AndroidManifest.xml:55:9-63:20
79            android:name="com.sd.sddigiclock.DigiClockPrefs"
79-->src\main\AndroidManifest.xml:56:13-43
80            android:exported="false"
80-->src\main\AndroidManifest.xml:57:13-37
81            android:hardwareAccelerated="true"
81-->src\main\AndroidManifest.xml:59:13-47
82            android:theme="@style/Theme.MaterialYouColors" >
82-->src\main\AndroidManifest.xml:58:13-59
83            <intent-filter>
83-->src\main\AndroidManifest.xml:60:13-62:29
84                <action android:name="android.appwidget.action.APPWIDGET_CONFIGURE" />
84-->src\main\AndroidManifest.xml:61:17-87
84-->src\main\AndroidManifest.xml:61:25-84
85            </intent-filter>
86        </activity>
87
88        <receiver
88-->src\main\AndroidManifest.xml:65:9-105:20
89            android:name="com.sd.sddigiclock.DigiClockProvider"
89-->src\main\AndroidManifest.xml:66:13-46
90            android:exported="true"
90-->src\main\AndroidManifest.xml:70:13-36
91            android:permission="android.permission.RECEIVE_BOOT_COMPLETED                                 |android.permission..REQUEST_IGNORE_BATTERY_OPTIMIZATIONS                                 |android.permission.SCHEDULE_EXACT_ALARM" >
91-->src\main\AndroidManifest.xml:65:9-105:20
92            <intent-filter>
92-->src\main\AndroidManifest.xml:71:13-73:29
93                <action android:name="android.appwidget.action.APPWIDGET_UPDATE" />
93-->src\main\AndroidManifest.xml:72:17-84
93-->src\main\AndroidManifest.xml:72:25-81
94            </intent-filter>
95            <intent-filter>
95-->src\main\AndroidManifest.xml:75:13-77:29
96                <action android:name="CLOCK_TICK" />
96-->src\main\AndroidManifest.xml:76:17-53
96-->src\main\AndroidManifest.xml:76:25-50
97            </intent-filter>
98            <intent-filter>
98-->src\main\AndroidManifest.xml:78:13-80:29
99                <action android:name="JOB_CLOCK_TICK" />
99-->src\main\AndroidManifest.xml:79:17-57
99-->src\main\AndroidManifest.xml:79:25-54
100            </intent-filter>
101            <intent-filter>
101-->src\main\AndroidManifest.xml:81:13-83:29
102                <action android:name="SETTINGS_CHANGED" />
102-->src\main\AndroidManifest.xml:82:17-59
102-->src\main\AndroidManifest.xml:82:25-56
103            </intent-filter>
104            <intent-filter>
104-->src\main\AndroidManifest.xml:84:13-86:29
105                <action android:name="android.intent.action.TIME_SET" />
105-->src\main\AndroidManifest.xml:85:17-73
105-->src\main\AndroidManifest.xml:85:25-70
106            </intent-filter>
107            <intent-filter>
107-->src\main\AndroidManifest.xml:87:13-89:29
108                <action android:name="android.intent.action.TIMEZONE_CHANGED" />
108-->src\main\AndroidManifest.xml:88:17-81
108-->src\main\AndroidManifest.xml:88:25-78
109            </intent-filter>
110            <intent-filter>
110-->src\main\AndroidManifest.xml:90:13-92:29
111                <action android:name="android.intent.action.DATE_CHANGED" />
111-->src\main\AndroidManifest.xml:91:17-77
111-->src\main\AndroidManifest.xml:91:25-74
112            </intent-filter>
113            <intent-filter>
113-->src\main\AndroidManifest.xml:93:13-95:29
114                <action android:name="android.os.action.DEVICE_IDLE_MODE_CHANGED" />
114-->src\main\AndroidManifest.xml:94:17-84
114-->src\main\AndroidManifest.xml:94:25-82
115            </intent-filter>
116            <intent-filter>
116-->src\main\AndroidManifest.xml:96:13-98:29
117                <action android:name="android.intent.action.ACTION_DREAMING_STOPPED" />
117-->src\main\AndroidManifest.xml:97:17-88
117-->src\main\AndroidManifest.xml:97:25-85
118            </intent-filter>
119            <intent-filter>
119-->src\main\AndroidManifest.xml:100:13-102:29
120                <action android:name="clockOnClickTag" />
120-->src\main\AndroidManifest.xml:101:17-58
120-->src\main\AndroidManifest.xml:101:25-55
121            </intent-filter>
122
123            <meta-data
123-->src\main\AndroidManifest.xml:103:13-104:54
124                android:name="android.appwidget.provider"
124-->src\main\AndroidManifest.xml:103:24-65
125                android:resource="@xml/widget_info" />
125-->src\main\AndroidManifest.xml:104:17-52
126        </receiver>
127
128        <service
128-->src\main\AndroidManifest.xml:109:9-112:38
129            android:name="com.sd.sddigiclock.RepeatingJob"
129-->src\main\AndroidManifest.xml:110:13-41
130            android:exported="true"
130-->src\main\AndroidManifest.xml:112:13-36
131            android:permission="android.permission.BIND_JOB_SERVICE" />
131-->src\main\AndroidManifest.xml:111:13-69
132        <service
132-->src\main\AndroidManifest.xml:114:9-115:61
133            android:name="com.sd.sddigiclock.WidgetBackgroundService"
133-->src\main\AndroidManifest.xml:114:18-57
134            android:foregroundServiceType="systemExempted" />
134-->src\main\AndroidManifest.xml:115:13-59
135        <service
135-->src\main\AndroidManifest.xml:117:9-119:19
136            android:name="com.sd.sddigiclock.UpdateWidgetService"
136-->src\main\AndroidManifest.xml:117:18-53
137            android:foregroundServiceType="systemExempted" >
137-->src\main\AndroidManifest.xml:118:13-59
138        </service>
139        <service
139-->src\main\AndroidManifest.xml:122:9-124:71
140            android:name="com.sd.sddigiclock.ClockJobScheduler"
140-->src\main\AndroidManifest.xml:123:13-46
141            android:permission="android.permission.BIND_JOB_SERVICE" />
141-->src\main\AndroidManifest.xml:124:13-69
142
143        <activity
143-->src\main\AndroidManifest.xml:127:9-129:53
144            android:name="com.sd.sddigiclock.AppSelector"
144-->src\main\AndroidManifest.xml:128:13-40
145            android:theme="@style/AppThemeDialog" />
145-->src\main\AndroidManifest.xml:129:13-50
146
147        <receiver
147-->src\main\AndroidManifest.xml:131:9-175:20
148            android:name="com.sd.sddigiclock.DigiClockBroadcastReceiver"
148-->src\main\AndroidManifest.xml:131:42-84
149            android:enabled="true"
149-->src\main\AndroidManifest.xml:131:19-41
150            android:exported="true"
150-->src\main\AndroidManifest.xml:135:13-36
151            android:permission="android.permission.RECEIVE_BOOT_COMPLETED                                 |android.permission..REQUEST_IGNORE_BATTERY_OPTIMIZATIONS                                 |android.permission.SCHEDULE_EXACT_ALARM" >
151-->src\main\AndroidManifest.xml:131:9-175:20
152            <intent-filter>
152-->src\main\AndroidManifest.xml:137:13-139:29
153                <action android:name="android.intent.action.BOOT_COMPLETED" />
153-->src\main\AndroidManifest.xml:138:17-79
153-->src\main\AndroidManifest.xml:138:25-76
154            </intent-filter>
155            <intent-filter>
155-->src\main\AndroidManifest.xml:140:13-142:29
156                <action android:name="android.intent.action.CONFIGURATION_CHANGED" />
156-->src\main\AndroidManifest.xml:141:17-86
156-->src\main\AndroidManifest.xml:141:25-83
157            </intent-filter>
158            <intent-filter>
158-->src\main\AndroidManifest.xml:143:13-145:29
159                <action android:name="android.intent.action.SCREEN_ON" />
159-->src\main\AndroidManifest.xml:144:17-74
159-->src\main\AndroidManifest.xml:144:25-71
160            </intent-filter>
161            <intent-filter>
161-->src\main\AndroidManifest.xml:81:13-83:29
162                <action android:name="SETTINGS_CHANGED" />
162-->src\main\AndroidManifest.xml:82:17-59
162-->src\main\AndroidManifest.xml:82:25-56
163            </intent-filter>
164            <intent-filter>
164-->src\main\AndroidManifest.xml:84:13-86:29
165                <action android:name="android.intent.action.TIME_SET" />
165-->src\main\AndroidManifest.xml:85:17-73
165-->src\main\AndroidManifest.xml:85:25-70
166            </intent-filter>
167            <intent-filter>
167-->src\main\AndroidManifest.xml:153:13-155:29
168                <action android:name="android.intent.action.TIME_TICK" />
168-->src\main\AndroidManifest.xml:154:17-74
168-->src\main\AndroidManifest.xml:154:25-71
169            </intent-filter>
170            <intent-filter>
170-->src\main\AndroidManifest.xml:87:13-89:29
171                <action android:name="android.intent.action.TIMEZONE_CHANGED" />
171-->src\main\AndroidManifest.xml:88:17-81
171-->src\main\AndroidManifest.xml:88:25-78
172            </intent-filter>
173            <intent-filter>
173-->src\main\AndroidManifest.xml:90:13-92:29
174                <action android:name="android.intent.action.DATE_CHANGED" />
174-->src\main\AndroidManifest.xml:91:17-77
174-->src\main\AndroidManifest.xml:91:25-74
175            </intent-filter>
176            <intent-filter>
176-->src\main\AndroidManifest.xml:93:13-95:29
177                <action android:name="android.os.action.DEVICE_IDLE_MODE_CHANGED" />
177-->src\main\AndroidManifest.xml:94:17-84
177-->src\main\AndroidManifest.xml:94:25-82
178            </intent-filter>
179            <intent-filter>
179-->src\main\AndroidManifest.xml:96:13-98:29
180                <action android:name="android.intent.action.ACTION_DREAMING_STOPPED" />
180-->src\main\AndroidManifest.xml:97:17-88
180-->src\main\AndroidManifest.xml:97:25-85
181            </intent-filter>
182            <intent-filter>
182-->src\main\AndroidManifest.xml:169:13-171:29
183                <action android:name="REFRESH_WIDGET" />
183-->src\main\AndroidManifest.xml:170:17-57
183-->src\main\AndroidManifest.xml:170:25-54
184            </intent-filter>
185            <intent-filter>
185-->src\main\AndroidManifest.xml:71:13-73:29
186                <action android:name="android.appwidget.action.APPWIDGET_UPDATE" />
186-->src\main\AndroidManifest.xml:72:17-84
186-->src\main\AndroidManifest.xml:72:25-81
187            </intent-filter>
188        </receiver>
189
190        <meta-data
190-->src\main\AndroidManifest.xml:179:9-181:57
191            android:name="preloaded_fonts"
191-->src\main\AndroidManifest.xml:180:13-43
192            android:resource="@array/preloaded_fonts" />
192-->src\main\AndroidManifest.xml:181:13-54
193        <meta-data
193-->src\main\AndroidManifest.xml:183:9-185:51
194            android:name="com.google.android.gms.ads.APPLICATION_ID"
194-->src\main\AndroidManifest.xml:184:13-69
195            android:value="@string/p_ads_app_id" />
195-->src\main\AndroidManifest.xml:185:13-49
196        <meta-data
196-->[com.android.billingclient:billing:7.0.0] AndroidManifest.xml:19:9-21:37
197            android:name="com.google.android.play.billingclient.version"
197-->[com.android.billingclient:billing:7.0.0] AndroidManifest.xml:20:13-73
198            android:value="7.0.0" />
198-->[com.android.billingclient:billing:7.0.0] AndroidManifest.xml:21:13-34
199
200        <activity
200-->[com.android.billingclient:billing:7.0.0] AndroidManifest.xml:23:9-27:75
201            android:name="com.android.billingclient.api.ProxyBillingActivity"
201-->[com.android.billingclient:billing:7.0.0] AndroidManifest.xml:24:13-78
202            android:configChanges="keyboard|keyboardHidden|screenLayout|screenSize|orientation"
202-->[com.android.billingclient:billing:7.0.0] AndroidManifest.xml:25:13-96
203            android:exported="false"
203-->[com.android.billingclient:billing:7.0.0] AndroidManifest.xml:26:13-37
204            android:theme="@android:style/Theme.Translucent.NoTitleBar" />
204-->[com.android.billingclient:billing:7.0.0] AndroidManifest.xml:27:13-72
205        <activity
205-->[com.android.billingclient:billing:7.0.0] AndroidManifest.xml:28:9-32:75
206            android:name="com.android.billingclient.api.ProxyBillingActivityV2"
206-->[com.android.billingclient:billing:7.0.0] AndroidManifest.xml:29:13-80
207            android:configChanges="keyboard|keyboardHidden|screenLayout|screenSize|orientation"
207-->[com.android.billingclient:billing:7.0.0] AndroidManifest.xml:30:13-96
208            android:exported="false"
208-->[com.android.billingclient:billing:7.0.0] AndroidManifest.xml:31:13-37
209            android:theme="@android:style/Theme.Translucent.NoTitleBar" />
209-->[com.android.billingclient:billing:7.0.0] AndroidManifest.xml:32:13-72
210        <activity
210-->[com.google.android.gms:play-services-base:18.3.0] AndroidManifest.xml:20:9-22:45
211            android:name="com.google.android.gms.common.api.GoogleApiActivity"
211-->[com.google.android.gms:play-services-base:18.3.0] AndroidManifest.xml:20:19-85
212            android:exported="false"
212-->[com.google.android.gms:play-services-base:18.3.0] AndroidManifest.xml:22:19-43
213            android:theme="@android:style/Theme.Translucent.NoTitleBar" /> <!-- Include the AdActivity and InAppPurchaseActivity configChanges and themes. -->
213-->[com.google.android.gms:play-services-base:18.3.0] AndroidManifest.xml:21:19-78
214        <activity
214-->[com.google.android.gms:play-services-ads-lite:22.3.0] AndroidManifest.xml:53:9-58:43
215            android:name="com.google.android.gms.ads.AdActivity"
215-->[com.google.android.gms:play-services-ads-lite:22.3.0] AndroidManifest.xml:54:13-65
216            android:configChanges="keyboard|keyboardHidden|orientation|screenLayout|uiMode|screenSize|smallestScreenSize"
216-->[com.google.android.gms:play-services-ads-lite:22.3.0] AndroidManifest.xml:55:13-122
217            android:exported="false"
217-->[com.google.android.gms:play-services-ads-lite:22.3.0] AndroidManifest.xml:56:13-37
218            android:theme="@android:style/Theme.Translucent" />
218-->[com.google.android.gms:play-services-ads-lite:22.3.0] AndroidManifest.xml:57:13-61
219
220        <provider
220-->[com.google.android.gms:play-services-ads-lite:22.3.0] AndroidManifest.xml:60:9-65:43
221            android:name="com.google.android.gms.ads.MobileAdsInitProvider"
221-->[com.google.android.gms:play-services-ads-lite:22.3.0] AndroidManifest.xml:61:13-76
222            android:authorities="com.sd.sddigiclock.mobileadsinitprovider"
222-->[com.google.android.gms:play-services-ads-lite:22.3.0] AndroidManifest.xml:62:13-73
223            android:exported="false"
223-->[com.google.android.gms:play-services-ads-lite:22.3.0] AndroidManifest.xml:63:13-37
224            android:initOrder="100" />
224-->[com.google.android.gms:play-services-ads-lite:22.3.0] AndroidManifest.xml:64:13-36
225
226        <service
226-->[com.google.android.gms:play-services-ads-lite:22.3.0] AndroidManifest.xml:67:9-71:43
227            android:name="com.google.android.gms.ads.AdService"
227-->[com.google.android.gms:play-services-ads-lite:22.3.0] AndroidManifest.xml:68:13-64
228            android:enabled="true"
228-->[com.google.android.gms:play-services-ads-lite:22.3.0] AndroidManifest.xml:69:13-35
229            android:exported="false" />
229-->[com.google.android.gms:play-services-ads-lite:22.3.0] AndroidManifest.xml:70:13-37
230
231        <activity
231-->[com.google.android.gms:play-services-ads-lite:22.3.0] AndroidManifest.xml:73:9-77:43
232            android:name="com.google.android.gms.ads.OutOfContextTestingActivity"
232-->[com.google.android.gms:play-services-ads-lite:22.3.0] AndroidManifest.xml:74:13-82
233            android:configChanges="keyboard|keyboardHidden|orientation|screenLayout|uiMode|screenSize|smallestScreenSize"
233-->[com.google.android.gms:play-services-ads-lite:22.3.0] AndroidManifest.xml:75:13-122
234            android:exported="false" />
234-->[com.google.android.gms:play-services-ads-lite:22.3.0] AndroidManifest.xml:76:13-37
235
236        <meta-data
236-->[com.google.android.gms:play-services-basement:18.3.0] AndroidManifest.xml:21:9-23:69
237            android:name="com.google.android.gms.version"
237-->[com.google.android.gms:play-services-basement:18.3.0] AndroidManifest.xml:22:13-58
238            android:value="@integer/google_play_services_version" />
238-->[com.google.android.gms:play-services-basement:18.3.0] AndroidManifest.xml:23:13-66
239
240        <provider
240-->[androidx.work:work-runtime:2.9.0-beta01] AndroidManifest.xml:29:9-37:20
241            android:name="androidx.startup.InitializationProvider"
241-->[androidx.work:work-runtime:2.9.0-beta01] AndroidManifest.xml:30:13-67
242            android:authorities="com.sd.sddigiclock.androidx-startup"
242-->[androidx.work:work-runtime:2.9.0-beta01] AndroidManifest.xml:31:13-68
243            android:exported="false" >
243-->[androidx.work:work-runtime:2.9.0-beta01] AndroidManifest.xml:32:13-37
244            <meta-data
244-->[androidx.work:work-runtime:2.9.0-beta01] AndroidManifest.xml:34:13-36:52
245                android:name="androidx.work.WorkManagerInitializer"
245-->[androidx.work:work-runtime:2.9.0-beta01] AndroidManifest.xml:35:17-68
246                android:value="androidx.startup" />
246-->[androidx.work:work-runtime:2.9.0-beta01] AndroidManifest.xml:36:17-49
247            <meta-data
247-->[androidx.emoji2:emoji2:1.2.0] AndroidManifest.xml:29:13-31:52
248                android:name="androidx.emoji2.text.EmojiCompatInitializer"
248-->[androidx.emoji2:emoji2:1.2.0] AndroidManifest.xml:30:17-75
249                android:value="androidx.startup" />
249-->[androidx.emoji2:emoji2:1.2.0] AndroidManifest.xml:31:17-49
250            <meta-data
250-->[androidx.lifecycle:lifecycle-process:2.6.2] AndroidManifest.xml:29:13-31:52
251                android:name="androidx.lifecycle.ProcessLifecycleInitializer"
251-->[androidx.lifecycle:lifecycle-process:2.6.2] AndroidManifest.xml:30:17-78
252                android:value="androidx.startup" />
252-->[androidx.lifecycle:lifecycle-process:2.6.2] AndroidManifest.xml:31:17-49
253            <meta-data
253-->[androidx.profileinstaller:profileinstaller:1.3.0] AndroidManifest.xml:29:13-31:52
254                android:name="androidx.profileinstaller.ProfileInstallerInitializer"
254-->[androidx.profileinstaller:profileinstaller:1.3.0] AndroidManifest.xml:30:17-85
255                android:value="androidx.startup" />
255-->[androidx.profileinstaller:profileinstaller:1.3.0] AndroidManifest.xml:31:17-49
256        </provider>
257
258        <service
258-->[androidx.work:work-runtime:2.9.0-beta01] AndroidManifest.xml:39:9-45:35
259            android:name="androidx.work.impl.background.systemalarm.SystemAlarmService"
259-->[androidx.work:work-runtime:2.9.0-beta01] AndroidManifest.xml:40:13-88
260            android:directBootAware="false"
260-->[androidx.work:work-runtime:2.9.0-beta01] AndroidManifest.xml:41:13-44
261            android:enabled="@bool/enable_system_alarm_service_default"
261-->[androidx.work:work-runtime:2.9.0-beta01] AndroidManifest.xml:42:13-72
262            android:exported="false" />
262-->[androidx.work:work-runtime:2.9.0-beta01] AndroidManifest.xml:43:13-37
263        <service
263-->[androidx.work:work-runtime:2.9.0-beta01] AndroidManifest.xml:46:9-52:35
264            android:name="androidx.work.impl.background.systemjob.SystemJobService"
264-->[androidx.work:work-runtime:2.9.0-beta01] AndroidManifest.xml:47:13-84
265            android:directBootAware="false"
265-->[androidx.work:work-runtime:2.9.0-beta01] AndroidManifest.xml:48:13-44
266            android:enabled="@bool/enable_system_job_service_default"
266-->[androidx.work:work-runtime:2.9.0-beta01] AndroidManifest.xml:49:13-70
267            android:exported="true"
267-->[androidx.work:work-runtime:2.9.0-beta01] AndroidManifest.xml:50:13-36
268            android:permission="android.permission.BIND_JOB_SERVICE" />
268-->[androidx.work:work-runtime:2.9.0-beta01] AndroidManifest.xml:51:13-69
269        <service
269-->[androidx.work:work-runtime:2.9.0-beta01] AndroidManifest.xml:53:9-59:35
270            android:name="androidx.work.impl.foreground.SystemForegroundService"
270-->[androidx.work:work-runtime:2.9.0-beta01] AndroidManifest.xml:54:13-81
271            android:directBootAware="false"
271-->[androidx.work:work-runtime:2.9.0-beta01] AndroidManifest.xml:55:13-44
272            android:enabled="@bool/enable_system_foreground_service_default"
272-->[androidx.work:work-runtime:2.9.0-beta01] AndroidManifest.xml:56:13-77
273            android:exported="false" />
273-->[androidx.work:work-runtime:2.9.0-beta01] AndroidManifest.xml:57:13-37
274
275        <receiver
275-->[androidx.work:work-runtime:2.9.0-beta01] AndroidManifest.xml:61:9-66:35
276            android:name="androidx.work.impl.utils.ForceStopRunnable$BroadcastReceiver"
276-->[androidx.work:work-runtime:2.9.0-beta01] AndroidManifest.xml:62:13-88
277            android:directBootAware="false"
277-->[androidx.work:work-runtime:2.9.0-beta01] AndroidManifest.xml:63:13-44
278            android:enabled="true"
278-->[androidx.work:work-runtime:2.9.0-beta01] AndroidManifest.xml:64:13-35
279            android:exported="false" />
279-->[androidx.work:work-runtime:2.9.0-beta01] AndroidManifest.xml:65:13-37
280        <receiver
280-->[androidx.work:work-runtime:2.9.0-beta01] AndroidManifest.xml:67:9-77:20
281            android:name="androidx.work.impl.background.systemalarm.ConstraintProxy$BatteryChargingProxy"